mode: set
asset_chaincode/mocks/mock_client_identity.go:15.54,18.2 2 0
asset_chaincode/mocks/mock_client_identity.go:20.57,23.2 2 0
asset_chaincode/mocks/mock_client_identity.go:25.103,28.2 2 0
asset_chaincode/mocks/mock_client_identity.go:30.92,33.2 2 0
asset_chaincode/mocks/mock_client_identity.go:35.78,38.2 2 0
asset_chaincode/mocks/mock_state_query_iterator.go:13.49,16.2 2 0
asset_chaincode/mocks/mock_state_query_iterator.go:18.66,21.2 2 0
asset_chaincode/mocks/mock_state_query_iterator.go:23.48,26.2 2 0
asset_chaincode/mocks/mock_stub.go:16.62,19.2 2 0
asset_chaincode/mocks/mock_stub.go:21.69,24.2 2 0
asset_chaincode/mocks/mock_stub.go:26.82,29.2 2 0
asset_chaincode/mocks/mock_stub.go:31.86,34.2 2 0
asset_chaincode/mocks/mock_stub.go:36.86,39.2 2 0
asset_chaincode/mocks/mock_stub.go:41.72,44.2 2 0
asset_chaincode/mocks/mock_stub.go:46.64,49.2 2 0
asset_chaincode/mocks/mock_stub.go:51.103,54.2 2 0
asset_chaincode/mocks/mock_stub.go:56.103,59.2 2 0
asset_chaincode/mocks/mock_stub.go:61.95,64.2 2 0
asset_chaincode/mocks/mock_stub.go:66.57,69.2 2 0
asset_chaincode/mocks/mock_stub.go:71.61,74.2 2 0
asset_chaincode/mocks/mock_stub.go:76.47,79.2 2 0
asset_chaincode/mocks/mock_stub.go:81.39,84.2 2 0
asset_chaincode/mocks/mock_stub.go:86.51,89.2 2 0
asset_chaincode/mocks/mock_stub.go:91.49,94.2 2 0
asset_chaincode/mocks/mock_stub.go:96.42,99.2 2 0
asset_chaincode/mocks/mock_stub.go:101.49,104.2 2 0
asset_chaincode/mocks/mock_stub.go:106.55,109.2 2 0
asset_chaincode/mocks/mock_stub.go:111.66,114.2 2 0
asset_chaincode/mocks/mock_stub.go:116.93,119.2 2 0
asset_chaincode/mocks/mock_stub.go:121.114,124.2 2 0
asset_chaincode/mocks/mock_stub.go:126.126,129.2 2 0
asset_chaincode/mocks/mock_stub.go:131.121,134.2 2 0
asset_chaincode/mocks/mock_stub.go:136.144,139.2 2 0
asset_chaincode/mocks/mock_stub.go:141.188,144.2 2 0
asset_chaincode/mocks/mock_stub.go:146.177,149.2 2 0
asset_chaincode/mocks/mock_stub.go:151.200,154.2 2 0
asset_chaincode/mocks/mock_stub.go:156.101,159.2 2 0
asset_chaincode/mocks/mock_stub.go:161.91,164.2 2 0
asset_chaincode/mocks/mock_stub.go:166.165,169.2 2 0
asset_chaincode/mocks/mock_stub.go:171.68,174.2 2 0
asset_chaincode/mocks/mock_stub.go:176.76,179.2 2 0
asset_chaincode/mocks/mock_stub.go:181.45,184.2 2 0
asset_chaincode/mocks/mock_stub.go:186.37,189.2 2 0
asset_chaincode/mocks/mock_stub.go:191.74,194.2 2 0
asset_chaincode/mocks/mock_stub.go:196.77,199.2 2 0
asset_chaincode/mocks/mock_stub.go:201.102,204.2 2 0
asset_chaincode/mocks/mock_stub.go:206.85,209.2 2 0
asset_chaincode/mocks/mock_transaction_context.go:13.72,16.2 2 0
asset_chaincode/mocks/mock_transaction_context.go:18.73,21.2 2 0
asset_chaincode/mocks/mock_transaction_context.go:23.69,26.2 2 0
asset_chaincode/mocks/mock_transaction_context.go:28.68,30.2 1 0
asset_chaincode/chaincode/chaincode.go:21.95,24.16 2 0
asset_chaincode/chaincode/chaincode.go:24.16,26.3 1 0
asset_chaincode/chaincode/chaincode.go:29.2,46.16 4 0
asset_chaincode/chaincode/chaincode.go:46.16,48.3 1 0
asset_chaincode/chaincode/chaincode.go:51.2,55.26 3 0
asset_chaincode/chaincode/chaincode.go:55.26,66.33 5 0
asset_chaincode/chaincode/chaincode.go:66.33,68.4 1 0
asset_chaincode/chaincode/chaincode.go:70.3,85.17 4 0
asset_chaincode/chaincode/chaincode.go:85.17,87.4 1 0
asset_chaincode/chaincode/chaincode.go:90.3,96.33 2 0
asset_chaincode/chaincode/chaincode.go:96.33,98.4 1 0
asset_chaincode/chaincode/chaincode.go:100.3,112.17 4 0
asset_chaincode/chaincode/chaincode.go:112.17,114.4 1 0
asset_chaincode/chaincode/chaincode.go:117.3,118.17 2 0
asset_chaincode/chaincode/chaincode.go:118.17,120.4 1 0
asset_chaincode/chaincode/chaincode.go:122.3,123.17 2 0
asset_chaincode/chaincode/chaincode.go:123.17,125.4 1 0
asset_chaincode/chaincode/chaincode.go:127.3,127.84 1 0
asset_chaincode/chaincode/chaincode.go:131.2,132.16 2 0
asset_chaincode/chaincode/chaincode.go:132.16,134.3 1 0
asset_chaincode/chaincode/chaincode.go:136.2,137.12 2 0
asset_chaincode/chaincode/chaincode.go:140.100,142.19 2 0
asset_chaincode/chaincode/chaincode.go:142.19,144.6 1 0
asset_chaincode/chaincode/chaincode.go:146.5,147.19 2 0
asset_chaincode/chaincode/chaincode.go:147.19,149.6 1 0
asset_chaincode/chaincode/chaincode.go:150.3,150.22 1 0
asset_chaincode/chaincode/chaincode.go:150.22,152.4 1 0
asset_chaincode/chaincode/chaincode.go:154.5,155.12 2 0
asset_chaincode/chaincode/chaincode.go:155.12,157.6 1 0
asset_chaincode/chaincode/chaincode.go:158.5,160.19 3 0
asset_chaincode/chaincode/chaincode.go:160.19,162.6 1 0
asset_chaincode/chaincode/chaincode.go:164.5,165.23 2 0
asset_chaincode/chaincode/chaincode.go:165.23,167.6 1 0
asset_chaincode/chaincode/chaincode.go:169.5,170.19 2 0
asset_chaincode/chaincode/chaincode.go:170.19,172.6 1 0
asset_chaincode/chaincode/chaincode.go:173.5,176.19 3 0
asset_chaincode/chaincode/chaincode.go:176.19,178.6 1 0
asset_chaincode/chaincode/chaincode.go:180.5,205.19 4 0
asset_chaincode/chaincode/chaincode.go:205.19,207.6 1 0
asset_chaincode/chaincode/chaincode.go:208.5,209.19 2 0
asset_chaincode/chaincode/chaincode.go:209.19,211.6 1 0
asset_chaincode/chaincode/chaincode.go:213.5,216.15 3 0
asset_chaincode/chaincode/chaincode.go:219.110,221.19 2 0
asset_chaincode/chaincode/chaincode.go:221.19,223.6 1 0
asset_chaincode/chaincode/chaincode.go:225.5,226.19 2 0
asset_chaincode/chaincode/chaincode.go:226.19,228.6 1 0
asset_chaincode/chaincode/chaincode.go:229.5,229.31 1 0
asset_chaincode/chaincode/chaincode.go:229.31,231.6 1 0
asset_chaincode/chaincode/chaincode.go:233.5,234.32 2 0
asset_chaincode/chaincode/chaincode.go:234.32,236.6 1 0
asset_chaincode/chaincode/chaincode.go:238.5,240.19 3 0
asset_chaincode/chaincode/chaincode.go:240.19,242.6 1 0
asset_chaincode/chaincode/chaincode.go:244.5,247.15 3 0
asset_chaincode/chaincode/chaincode.go:250.142,253.19 3 0
asset_chaincode/chaincode/chaincode.go:253.19,255.6 1 0
asset_chaincode/chaincode/chaincode.go:257.5,258.19 2 0
asset_chaincode/chaincode/chaincode.go:258.19,260.6 1 0
asset_chaincode/chaincode/chaincode.go:262.5,263.36 2 0
asset_chaincode/chaincode/chaincode.go:263.36,265.23 2 0
asset_chaincode/chaincode/chaincode.go:265.23,267.10 1 0
asset_chaincode/chaincode/chaincode.go:268.9,268.36 1 0
asset_chaincode/chaincode/chaincode.go:268.36,270.10 1 0
asset_chaincode/chaincode/chaincode.go:271.9,271.99 1 0
asset_chaincode/chaincode/chaincode.go:271.99,273.10 1 0
asset_chaincode/chaincode/chaincode.go:276.5,276.34 1 0
asset_chaincode/chaincode/chaincode.go:280.98,282.16 2 0
asset_chaincode/chaincode/chaincode.go:282.16,284.3 1 0
asset_chaincode/chaincode/chaincode.go:286.2,287.16 2 0
asset_chaincode/chaincode/chaincode.go:287.16,289.3 1 0
asset_chaincode/chaincode/chaincode.go:291.2,294.16 4 0
asset_chaincode/chaincode/chaincode.go:294.16,296.3 1 0
asset_chaincode/chaincode/chaincode.go:298.2,301.16 4 0
asset_chaincode/chaincode/chaincode.go:301.16,303.3 1 0
asset_chaincode/chaincode/chaincode.go:305.2,306.34 2 0
asset_chaincode/chaincode/chaincode.go:306.34,308.3 1 0
asset_chaincode/chaincode/chaincode.go:310.2,311.37 2 0
asset_chaincode/chaincode/chaincode.go:311.37,313.3 1 0
asset_chaincode/chaincode/chaincode.go:315.2,316.16 2 0
asset_chaincode/chaincode/chaincode.go:316.16,318.3 1 0
asset_chaincode/chaincode/chaincode.go:319.2,335.16 4 0
asset_chaincode/chaincode/chaincode.go:335.16,337.3 1 0
asset_chaincode/chaincode/chaincode.go:339.2,340.16 2 0
asset_chaincode/chaincode/chaincode.go:340.16,342.3 1 0
asset_chaincode/chaincode/chaincode.go:344.2,345.16 2 0
asset_chaincode/chaincode/chaincode.go:345.16,347.3 1 0
asset_chaincode/chaincode/chaincode.go:349.2,350.16 2 0
asset_chaincode/chaincode/chaincode.go:350.16,352.3 1 0
asset_chaincode/chaincode/chaincode.go:354.2,355.16 2 0
asset_chaincode/chaincode/chaincode.go:355.16,357.3 1 0
asset_chaincode/chaincode/chaincode.go:359.2,360.16 2 0
asset_chaincode/chaincode/chaincode.go:360.16,362.3 1 0
asset_chaincode/chaincode/chaincode.go:364.2,365.16 2 0
asset_chaincode/chaincode/chaincode.go:365.16,367.3 1 0
asset_chaincode/chaincode/chaincode.go:369.2,370.16 2 0
asset_chaincode/chaincode/chaincode.go:370.16,372.3 1 0
asset_chaincode/chaincode/chaincode.go:374.2,375.16 2 0
asset_chaincode/chaincode/chaincode.go:375.16,377.3 1 0
asset_chaincode/chaincode/chaincode.go:379.2,382.12 3 0
asset_chaincode/chaincode/chaincode.go:386.93,388.16 2 0
asset_chaincode/chaincode/chaincode.go:388.16,390.3 1 0
asset_chaincode/chaincode/chaincode.go:392.2,393.16 2 0
asset_chaincode/chaincode/chaincode.go:393.16,395.3 1 0
asset_chaincode/chaincode/chaincode.go:396.2,399.16 3 0
asset_chaincode/chaincode/chaincode.go:399.16,401.3 1 0
asset_chaincode/chaincode/chaincode.go:403.2,406.16 4 0
asset_chaincode/chaincode/chaincode.go:406.16,408.3 1 0
asset_chaincode/chaincode/chaincode.go:410.2,413.28 3 0
asset_chaincode/chaincode/chaincode.go:413.28,415.3 1 0
asset_chaincode/chaincode/chaincode.go:416.2,428.19 4 0
asset_chaincode/chaincode/chaincode.go:428.19,430.6 1 0
asset_chaincode/chaincode/chaincode.go:432.2,433.28 2 0
asset_chaincode/chaincode/chaincode.go:433.28,435.3 1 0
asset_chaincode/chaincode/chaincode.go:436.2,446.16 4 0
asset_chaincode/chaincode/chaincode.go:446.16,448.3 1 0
asset_chaincode/chaincode/chaincode.go:450.2,451.16 2 0
asset_chaincode/chaincode/chaincode.go:451.16,453.3 1 0
asset_chaincode/chaincode/chaincode.go:455.2,455.12 1 0
asset_chaincode/chaincode/chaincode.go:459.107,461.16 2 0
asset_chaincode/chaincode/chaincode.go:461.16,463.3 1 0
asset_chaincode/chaincode/chaincode.go:465.2,466.16 2 0
asset_chaincode/chaincode/chaincode.go:466.16,468.3 1 0
asset_chaincode/chaincode/chaincode.go:469.2,483.16 5 0
asset_chaincode/chaincode/chaincode.go:483.16,485.3 1 0
asset_chaincode/chaincode/chaincode.go:487.2,488.16 2 0
asset_chaincode/chaincode/chaincode.go:488.16,490.3 1 0
asset_chaincode/chaincode/chaincode.go:492.2,492.12 1 0
asset_chaincode/chaincode/chaincode.go:496.109,498.16 2 0
asset_chaincode/chaincode/chaincode.go:498.16,500.3 1 0
asset_chaincode/chaincode/chaincode.go:502.2,503.16 2 0
asset_chaincode/chaincode/chaincode.go:503.16,505.3 1 0
asset_chaincode/chaincode/chaincode.go:507.2,508.16 2 0
asset_chaincode/chaincode/chaincode.go:508.16,510.3 1 0
asset_chaincode/chaincode/chaincode.go:512.2,512.21 1 0
asset_chaincode/chaincode/chaincode.go:516.112,518.16 2 0
asset_chaincode/chaincode/chaincode.go:518.16,520.3 1 0
asset_chaincode/chaincode/chaincode.go:522.2,523.16 2 0
asset_chaincode/chaincode/chaincode.go:523.16,525.3 1 0
asset_chaincode/chaincode/chaincode.go:527.2,528.16 2 0
asset_chaincode/chaincode/chaincode.go:528.16,530.3 1 0
asset_chaincode/chaincode/chaincode.go:532.2,532.21 1 0
asset_chaincode/chaincode/chaincode.go:536.112,538.16 2 0
asset_chaincode/chaincode/chaincode.go:538.16,540.3 1 0
asset_chaincode/chaincode/chaincode.go:542.2,543.16 2 0
asset_chaincode/chaincode/chaincode.go:543.16,545.3 1 0
asset_chaincode/chaincode/chaincode.go:547.2,548.16 2 0
asset_chaincode/chaincode/chaincode.go:548.16,550.3 1 0
asset_chaincode/chaincode/chaincode.go:552.2,552.21 1 0
asset_chaincode/chaincode/chaincode.go:556.121,558.16 2 0
asset_chaincode/chaincode/chaincode.go:558.16,560.3 1 0
asset_chaincode/chaincode/chaincode.go:562.2,563.16 2 0
asset_chaincode/chaincode/chaincode.go:563.16,565.3 1 0
asset_chaincode/chaincode/chaincode.go:567.2,567.54 1 0
asset_chaincode/chaincode/chaincode.go:567.54,568.26 1 0
asset_chaincode/chaincode/chaincode.go:568.26,570.5 1 0
asset_chaincode/chaincode/chaincode.go:571.4,574.18 4 0
asset_chaincode/chaincode/chaincode.go:574.18,576.5 1 0
asset_chaincode/chaincode/chaincode.go:577.4,577.20 1 0
asset_chaincode/chaincode/chaincode.go:580.2,580.65 1 0
asset_chaincode/chaincode/chaincode.go:584.114,586.16 2 0
asset_chaincode/chaincode/chaincode.go:586.16,588.3 1 0
asset_chaincode/chaincode/chaincode.go:590.2,590.33 1 0
asset_chaincode/chaincode/chaincode.go:590.33,592.3 1 0
asset_chaincode/chaincode/chaincode.go:594.2,595.16 2 0
asset_chaincode/chaincode/chaincode.go:595.16,597.3 1 0
asset_chaincode/chaincode/chaincode.go:598.2,598.25 1 0
asset_chaincode/chaincode/chaincode.go:598.25,600.3 1 0
asset_chaincode/chaincode/chaincode.go:602.2,604.16 3 0
asset_chaincode/chaincode/chaincode.go:604.16,606.3 1 0
asset_chaincode/chaincode/chaincode.go:608.2,608.20 1 0
asset_chaincode/chaincode/chaincode.go:612.120,614.16 2 0
asset_chaincode/chaincode/chaincode.go:614.16,616.3 1 0
asset_chaincode/chaincode/chaincode.go:618.2,618.33 1 0
asset_chaincode/chaincode/chaincode.go:618.33,620.3 1 0
asset_chaincode/chaincode/chaincode.go:622.2,623.16 2 0
asset_chaincode/chaincode/chaincode.go:623.16,625.3 1 0
asset_chaincode/chaincode/chaincode.go:626.2,626.28 1 0
asset_chaincode/chaincode/chaincode.go:626.28,628.3 1 0
asset_chaincode/chaincode/chaincode.go:630.2,632.16 3 0
asset_chaincode/chaincode/chaincode.go:632.16,634.3 1 0
asset_chaincode/chaincode/chaincode.go:636.2,636.23 1 0
asset_chaincode/chaincode/chaincode.go:640.118,642.16 2 0
asset_chaincode/chaincode/chaincode.go:642.16,644.3 1 0
asset_chaincode/chaincode/chaincode.go:646.2,646.33 1 0
asset_chaincode/chaincode/chaincode.go:646.33,648.3 1 0
asset_chaincode/chaincode/chaincode.go:650.2,651.16 2 0
asset_chaincode/chaincode/chaincode.go:651.16,653.3 1 0
asset_chaincode/chaincode/chaincode.go:654.2,654.27 1 0
asset_chaincode/chaincode/chaincode.go:654.27,656.3 1 0
asset_chaincode/chaincode/chaincode.go:658.2,660.16 3 0
asset_chaincode/chaincode/chaincode.go:660.16,662.3 1 0
asset_chaincode/chaincode/chaincode.go:664.2,664.22 1 0
asset_chaincode/chaincode/utils.go:16.151,20.16 3 0
asset_chaincode/chaincode/utils.go:20.16,22.3 1 0
asset_chaincode/chaincode/utils.go:24.2,25.36 2 0
asset_chaincode/chaincode/utils.go:25.36,27.3 1 0
asset_chaincode/chaincode/utils.go:29.2,33.16 4 0
asset_chaincode/chaincode/utils.go:33.16,35.3 1 0
asset_chaincode/chaincode/utils.go:36.2,36.22 1 0
asset_chaincode/chaincode/utils.go:36.22,38.3 1 0
asset_chaincode/chaincode/utils.go:40.2,41.16 2 0
asset_chaincode/chaincode/utils.go:41.16,43.3 1 0
asset_chaincode/chaincode/utils.go:44.2,44.23 1 0
asset_chaincode/chaincode/utils.go:44.23,46.3 1 0
asset_chaincode/chaincode/utils.go:48.2,49.16 2 0
asset_chaincode/chaincode/utils.go:49.16,51.3 1 0
asset_chaincode/chaincode/utils.go:53.2,55.49 2 0
asset_chaincode/chaincode/utils.go:55.49,57.3 1 0
asset_chaincode/chaincode/utils.go:58.2,58.48 1 0
asset_chaincode/chaincode/utils.go:58.48,60.3 1 0
asset_chaincode/chaincode/utils.go:62.2,63.16 2 0
asset_chaincode/chaincode/utils.go:63.16,65.3 1 0
asset_chaincode/chaincode/utils.go:67.2,68.16 2 0
asset_chaincode/chaincode/utils.go:68.16,70.3 1 0
asset_chaincode/chaincode/utils.go:72.2,72.13 1 0
asset_chaincode/chaincode/utils.go:72.13,74.3 1 0
asset_chaincode/chaincode/utils.go:76.2,76.18 1 0
asset_chaincode/chaincode/utils.go:81.141,87.16 5 0
asset_chaincode/chaincode/utils.go:87.16,89.3 1 0
asset_chaincode/chaincode/utils.go:90.2,90.22 1 0
asset_chaincode/chaincode/utils.go:90.22,92.3 1 0
asset_chaincode/chaincode/utils.go:94.2,95.16 2 0
asset_chaincode/chaincode/utils.go:95.16,97.3 1 0
asset_chaincode/chaincode/utils.go:98.2,98.23 1 0
asset_chaincode/chaincode/utils.go:98.23,100.3 1 0
asset_chaincode/chaincode/utils.go:102.2,102.41 1 0
asset_chaincode/chaincode/utils.go:102.41,104.3 1 0
asset_chaincode/chaincode/utils.go:106.2,106.18 1 0
asset_chaincode/chaincode/utils.go:110.151,115.16 4 0
asset_chaincode/chaincode/utils.go:115.16,117.3 1 0
asset_chaincode/chaincode/utils.go:118.2,118.43 1 0
asset_chaincode/chaincode/utils.go:118.43,120.3 1 0
asset_chaincode/chaincode/utils.go:122.2,123.16 2 0
asset_chaincode/chaincode/utils.go:123.16,125.3 1 0
asset_chaincode/chaincode/utils.go:127.2,127.69 1 0
asset_chaincode/chaincode/utils.go:127.69,129.3 1 0
asset_chaincode/chaincode/utils.go:131.2,131.18 1 0
asset_chaincode/chaincode/utils.go:134.40,138.2 3 0
asset_chaincode/chaincode/utils.go:140.114,142.16 2 0
asset_chaincode/chaincode/utils.go:142.16,144.3 1 0
asset_chaincode/chaincode/utils.go:146.2,147.16 2 0
asset_chaincode/chaincode/utils.go:147.16,149.3 1 0
asset_chaincode/chaincode/utils.go:151.2,151.12 1 0
asset_chaincode/chaincode/utils.go:154.45,155.26 1 0
asset_chaincode/chaincode/utils.go:156.30,161.22 3 0
asset_chaincode/chaincode/utils.go:161.22,163.4 1 0
asset_chaincode/chaincode/utils.go:164.3,167.28 2 0
asset_chaincode/chaincode/utils.go:167.28,169.4 1 0
asset_chaincode/chaincode/utils.go:170.3,170.20 1 0
asset_chaincode/chaincode/utils.go:172.10,174.11 1 0
asset_chaincode/chaincode/utils.go:178.108,181.25 2 0
asset_chaincode/chaincode/utils.go:181.25,183.18 2 0
asset_chaincode/chaincode/utils.go:183.18,185.5 1 0
asset_chaincode/chaincode/utils.go:187.4,187.58 1 0
asset_chaincode/chaincode/utils.go:190.2,190.21 1 0
asset_chaincode/chaincode/utils.go:193.54,196.2 2 0
asset_chaincode/main.go:10.13,12.19 2 0
asset_chaincode/main.go:12.19,14.6 1 0
asset_chaincode/main.go:16.5,16.50 1 0
asset_chaincode/main.go:16.50,18.6 1 0
asset_chaincode/chaincode/chaincode.go:21.95,24.16 2 1
asset_chaincode/chaincode/chaincode.go:24.16,26.3 1 0
asset_chaincode/chaincode/chaincode.go:29.2,46.16 4 1
asset_chaincode/chaincode/chaincode.go:46.16,48.3 1 0
asset_chaincode/chaincode/chaincode.go:51.2,55.26 3 1
asset_chaincode/chaincode/chaincode.go:55.26,66.33 5 1
asset_chaincode/chaincode/chaincode.go:66.33,68.4 1 1
asset_chaincode/chaincode/chaincode.go:70.3,85.17 4 1
asset_chaincode/chaincode/chaincode.go:85.17,87.4 1 0
asset_chaincode/chaincode/chaincode.go:90.3,96.33 2 1
asset_chaincode/chaincode/chaincode.go:96.33,98.4 1 0
asset_chaincode/chaincode/chaincode.go:100.3,112.17 4 1
asset_chaincode/chaincode/chaincode.go:112.17,114.4 1 0
asset_chaincode/chaincode/chaincode.go:117.3,118.17 2 1
asset_chaincode/chaincode/chaincode.go:118.17,120.4 1 1
asset_chaincode/chaincode/chaincode.go:122.3,123.17 2 1
asset_chaincode/chaincode/chaincode.go:123.17,125.4 1 0
asset_chaincode/chaincode/chaincode.go:127.3,127.84 1 1
asset_chaincode/chaincode/chaincode.go:131.2,132.16 2 1
asset_chaincode/chaincode/chaincode.go:132.16,134.3 1 0
asset_chaincode/chaincode/chaincode.go:136.2,137.12 2 1
asset_chaincode/chaincode/chaincode.go:140.100,142.19 2 1
asset_chaincode/chaincode/chaincode.go:142.19,144.6 1 1
asset_chaincode/chaincode/chaincode.go:146.5,147.19 2 1
asset_chaincode/chaincode/chaincode.go:147.19,149.6 1 1
asset_chaincode/chaincode/chaincode.go:150.3,150.22 1 1
asset_chaincode/chaincode/chaincode.go:150.22,152.4 1 0
asset_chaincode/chaincode/chaincode.go:154.5,155.12 2 1
asset_chaincode/chaincode/chaincode.go:155.12,157.6 1 0
asset_chaincode/chaincode/chaincode.go:158.5,160.19 3 1
asset_chaincode/chaincode/chaincode.go:160.19,162.6 1 0
asset_chaincode/chaincode/chaincode.go:164.5,165.23 2 1
asset_chaincode/chaincode/chaincode.go:165.23,167.6 1 0
asset_chaincode/chaincode/chaincode.go:169.5,170.19 2 1
asset_chaincode/chaincode/chaincode.go:170.19,172.6 1 0
asset_chaincode/chaincode/chaincode.go:173.5,176.19 3 1
asset_chaincode/chaincode/chaincode.go:176.19,178.6 1 0
asset_chaincode/chaincode/chaincode.go:180.5,205.19 4 1
asset_chaincode/chaincode/chaincode.go:205.19,207.6 1 0
asset_chaincode/chaincode/chaincode.go:208.5,209.19 2 1
asset_chaincode/chaincode/chaincode.go:209.19,211.6 1 0
asset_chaincode/chaincode/chaincode.go:213.5,216.15 3 1
asset_chaincode/chaincode/chaincode.go:219.110,221.19 2 0
asset_chaincode/chaincode/chaincode.go:221.19,223.6 1 0
asset_chaincode/chaincode/chaincode.go:225.5,226.19 2 0
asset_chaincode/chaincode/chaincode.go:226.19,228.6 1 0
asset_chaincode/chaincode/chaincode.go:229.5,229.31 1 0
asset_chaincode/chaincode/chaincode.go:229.31,231.6 1 0
asset_chaincode/chaincode/chaincode.go:233.5,234.32 2 0
asset_chaincode/chaincode/chaincode.go:234.32,236.6 1 0
asset_chaincode/chaincode/chaincode.go:238.5,240.19 3 0
asset_chaincode/chaincode/chaincode.go:240.19,242.6 1 0
asset_chaincode/chaincode/chaincode.go:244.5,247.15 3 0
asset_chaincode/chaincode/chaincode.go:250.142,253.19 3 0
asset_chaincode/chaincode/chaincode.go:253.19,255.6 1 0
asset_chaincode/chaincode/chaincode.go:257.5,258.19 2 0
asset_chaincode/chaincode/chaincode.go:258.19,260.6 1 0
asset_chaincode/chaincode/chaincode.go:262.5,263.36 2 0
asset_chaincode/chaincode/chaincode.go:263.36,265.23 2 0
asset_chaincode/chaincode/chaincode.go:265.23,267.10 1 0
asset_chaincode/chaincode/chaincode.go:268.9,268.36 1 0
asset_chaincode/chaincode/chaincode.go:268.36,270.10 1 0
asset_chaincode/chaincode/chaincode.go:271.9,271.99 1 0
asset_chaincode/chaincode/chaincode.go:271.99,273.10 1 0
asset_chaincode/chaincode/chaincode.go:276.5,276.34 1 0
asset_chaincode/chaincode/chaincode.go:280.98,282.16 2 0
asset_chaincode/chaincode/chaincode.go:282.16,284.3 1 0
asset_chaincode/chaincode/chaincode.go:286.2,287.16 2 0
asset_chaincode/chaincode/chaincode.go:287.16,289.3 1 0
asset_chaincode/chaincode/chaincode.go:291.2,294.16 4 0
asset_chaincode/chaincode/chaincode.go:294.16,296.3 1 0
asset_chaincode/chaincode/chaincode.go:298.2,301.16 4 0
asset_chaincode/chaincode/chaincode.go:301.16,303.3 1 0
asset_chaincode/chaincode/chaincode.go:305.2,306.34 2 0
asset_chaincode/chaincode/chaincode.go:306.34,308.3 1 0
asset_chaincode/chaincode/chaincode.go:310.2,311.37 2 0
asset_chaincode/chaincode/chaincode.go:311.37,313.3 1 0
asset_chaincode/chaincode/chaincode.go:315.2,316.16 2 0
asset_chaincode/chaincode/chaincode.go:316.16,318.3 1 0
asset_chaincode/chaincode/chaincode.go:319.2,335.16 4 0
asset_chaincode/chaincode/chaincode.go:335.16,337.3 1 0
asset_chaincode/chaincode/chaincode.go:339.2,340.16 2 0
asset_chaincode/chaincode/chaincode.go:340.16,342.3 1 0
asset_chaincode/chaincode/chaincode.go:344.2,345.16 2 0
asset_chaincode/chaincode/chaincode.go:345.16,347.3 1 0
asset_chaincode/chaincode/chaincode.go:349.2,350.16 2 0
asset_chaincode/chaincode/chaincode.go:350.16,352.3 1 0
asset_chaincode/chaincode/chaincode.go:354.2,355.16 2 0
asset_chaincode/chaincode/chaincode.go:355.16,357.3 1 0
asset_chaincode/chaincode/chaincode.go:359.2,360.16 2 0
asset_chaincode/chaincode/chaincode.go:360.16,362.3 1 0
asset_chaincode/chaincode/chaincode.go:364.2,365.16 2 0
asset_chaincode/chaincode/chaincode.go:365.16,367.3 1 0
asset_chaincode/chaincode/chaincode.go:369.2,370.16 2 0
asset_chaincode/chaincode/chaincode.go:370.16,372.3 1 0
asset_chaincode/chaincode/chaincode.go:374.2,375.16 2 0
asset_chaincode/chaincode/chaincode.go:375.16,377.3 1 0
asset_chaincode/chaincode/chaincode.go:379.2,382.12 3 0
asset_chaincode/chaincode/chaincode.go:386.93,388.16 2 0
asset_chaincode/chaincode/chaincode.go:388.16,390.3 1 0
asset_chaincode/chaincode/chaincode.go:392.2,393.16 2 0
asset_chaincode/chaincode/chaincode.go:393.16,395.3 1 0
asset_chaincode/chaincode/chaincode.go:396.2,399.16 3 0
asset_chaincode/chaincode/chaincode.go:399.16,401.3 1 0
asset_chaincode/chaincode/chaincode.go:403.2,406.16 4 0
asset_chaincode/chaincode/chaincode.go:406.16,408.3 1 0
asset_chaincode/chaincode/chaincode.go:410.2,413.28 3 0
asset_chaincode/chaincode/chaincode.go:413.28,415.3 1 0
asset_chaincode/chaincode/chaincode.go:416.2,428.19 4 0
asset_chaincode/chaincode/chaincode.go:428.19,430.6 1 0
asset_chaincode/chaincode/chaincode.go:432.2,433.28 2 0
asset_chaincode/chaincode/chaincode.go:433.28,435.3 1 0
asset_chaincode/chaincode/chaincode.go:436.2,446.16 4 0
asset_chaincode/chaincode/chaincode.go:446.16,448.3 1 0
asset_chaincode/chaincode/chaincode.go:450.2,451.16 2 0
asset_chaincode/chaincode/chaincode.go:451.16,453.3 1 0
asset_chaincode/chaincode/chaincode.go:455.2,455.12 1 0
asset_chaincode/chaincode/chaincode.go:459.107,461.16 2 0
asset_chaincode/chaincode/chaincode.go:461.16,463.3 1 0
asset_chaincode/chaincode/chaincode.go:465.2,466.16 2 0
asset_chaincode/chaincode/chaincode.go:466.16,468.3 1 0
asset_chaincode/chaincode/chaincode.go:469.2,483.16 5 0
asset_chaincode/chaincode/chaincode.go:483.16,485.3 1 0
asset_chaincode/chaincode/chaincode.go:487.2,488.16 2 0
asset_chaincode/chaincode/chaincode.go:488.16,490.3 1 0
asset_chaincode/chaincode/chaincode.go:492.2,492.12 1 0
asset_chaincode/chaincode/chaincode.go:496.109,498.16 2 0
asset_chaincode/chaincode/chaincode.go:498.16,500.3 1 0
asset_chaincode/chaincode/chaincode.go:502.2,503.16 2 0
asset_chaincode/chaincode/chaincode.go:503.16,505.3 1 0
asset_chaincode/chaincode/chaincode.go:507.2,508.16 2 0
asset_chaincode/chaincode/chaincode.go:508.16,510.3 1 0
asset_chaincode/chaincode/chaincode.go:512.2,512.21 1 0
asset_chaincode/chaincode/chaincode.go:516.112,518.16 2 0
asset_chaincode/chaincode/chaincode.go:518.16,520.3 1 0
asset_chaincode/chaincode/chaincode.go:522.2,523.16 2 0
asset_chaincode/chaincode/chaincode.go:523.16,525.3 1 0
asset_chaincode/chaincode/chaincode.go:527.2,528.16 2 0
asset_chaincode/chaincode/chaincode.go:528.16,530.3 1 0
asset_chaincode/chaincode/chaincode.go:532.2,532.21 1 0
asset_chaincode/chaincode/chaincode.go:536.112,538.16 2 0
asset_chaincode/chaincode/chaincode.go:538.16,540.3 1 0
asset_chaincode/chaincode/chaincode.go:542.2,543.16 2 0
asset_chaincode/chaincode/chaincode.go:543.16,545.3 1 0
asset_chaincode/chaincode/chaincode.go:547.2,548.16 2 0
asset_chaincode/chaincode/chaincode.go:548.16,550.3 1 0
asset_chaincode/chaincode/chaincode.go:552.2,552.21 1 0
asset_chaincode/chaincode/chaincode.go:556.121,558.16 2 0
asset_chaincode/chaincode/chaincode.go:558.16,560.3 1 0
asset_chaincode/chaincode/chaincode.go:562.2,563.16 2 0
asset_chaincode/chaincode/chaincode.go:563.16,565.3 1 0
asset_chaincode/chaincode/chaincode.go:567.2,567.54 1 0
asset_chaincode/chaincode/chaincode.go:567.54,568.26 1 0
asset_chaincode/chaincode/chaincode.go:568.26,570.5 1 0
asset_chaincode/chaincode/chaincode.go:571.4,574.18 4 0
asset_chaincode/chaincode/chaincode.go:574.18,576.5 1 0
asset_chaincode/chaincode/chaincode.go:577.4,577.20 1 0
asset_chaincode/chaincode/chaincode.go:580.2,580.65 1 0
asset_chaincode/chaincode/chaincode.go:584.114,586.16 2 0
asset_chaincode/chaincode/chaincode.go:586.16,588.3 1 0
asset_chaincode/chaincode/chaincode.go:590.2,590.33 1 0
asset_chaincode/chaincode/chaincode.go:590.33,592.3 1 0
asset_chaincode/chaincode/chaincode.go:594.2,595.16 2 0
asset_chaincode/chaincode/chaincode.go:595.16,597.3 1 0
asset_chaincode/chaincode/chaincode.go:598.2,598.25 1 0
asset_chaincode/chaincode/chaincode.go:598.25,600.3 1 0
asset_chaincode/chaincode/chaincode.go:602.2,604.16 3 0
asset_chaincode/chaincode/chaincode.go:604.16,606.3 1 0
asset_chaincode/chaincode/chaincode.go:608.2,608.20 1 0
asset_chaincode/chaincode/chaincode.go:612.120,614.16 2 0
asset_chaincode/chaincode/chaincode.go:614.16,616.3 1 0
asset_chaincode/chaincode/chaincode.go:618.2,618.33 1 0
asset_chaincode/chaincode/chaincode.go:618.33,620.3 1 0
asset_chaincode/chaincode/chaincode.go:622.2,623.16 2 0
asset_chaincode/chaincode/chaincode.go:623.16,625.3 1 0
asset_chaincode/chaincode/chaincode.go:626.2,626.28 1 0
asset_chaincode/chaincode/chaincode.go:626.28,628.3 1 0
asset_chaincode/chaincode/chaincode.go:630.2,632.16 3 0
asset_chaincode/chaincode/chaincode.go:632.16,634.3 1 0
asset_chaincode/chaincode/chaincode.go:636.2,636.23 1 0
asset_chaincode/chaincode/chaincode.go:640.118,642.16 2 0
asset_chaincode/chaincode/chaincode.go:642.16,644.3 1 0
asset_chaincode/chaincode/chaincode.go:646.2,646.33 1 0
asset_chaincode/chaincode/chaincode.go:646.33,648.3 1 0
asset_chaincode/chaincode/chaincode.go:650.2,651.16 2 0
asset_chaincode/chaincode/chaincode.go:651.16,653.3 1 0
asset_chaincode/chaincode/chaincode.go:654.2,654.27 1 0
asset_chaincode/chaincode/chaincode.go:654.27,656.3 1 0
asset_chaincode/chaincode/chaincode.go:658.2,660.16 3 0
asset_chaincode/chaincode/chaincode.go:660.16,662.3 1 0
asset_chaincode/chaincode/chaincode.go:664.2,664.22 1 0
asset_chaincode/chaincode/utils.go:16.151,20.16 3 0
asset_chaincode/chaincode/utils.go:20.16,22.3 1 0
asset_chaincode/chaincode/utils.go:24.2,25.36 2 0
asset_chaincode/chaincode/utils.go:25.36,27.3 1 0
asset_chaincode/chaincode/utils.go:29.2,33.16 4 0
asset_chaincode/chaincode/utils.go:33.16,35.3 1 0
asset_chaincode/chaincode/utils.go:36.2,36.22 1 0
asset_chaincode/chaincode/utils.go:36.22,38.3 1 0
asset_chaincode/chaincode/utils.go:40.2,41.16 2 0
asset_chaincode/chaincode/utils.go:41.16,43.3 1 0
asset_chaincode/chaincode/utils.go:44.2,44.23 1 0
asset_chaincode/chaincode/utils.go:44.23,46.3 1 0
asset_chaincode/chaincode/utils.go:48.2,49.16 2 0
asset_chaincode/chaincode/utils.go:49.16,51.3 1 0
asset_chaincode/chaincode/utils.go:53.2,55.49 2 0
asset_chaincode/chaincode/utils.go:55.49,57.3 1 0
asset_chaincode/chaincode/utils.go:58.2,58.48 1 0
asset_chaincode/chaincode/utils.go:58.48,60.3 1 0
asset_chaincode/chaincode/utils.go:62.2,63.16 2 0
asset_chaincode/chaincode/utils.go:63.16,65.3 1 0
asset_chaincode/chaincode/utils.go:67.2,68.16 2 0
asset_chaincode/chaincode/utils.go:68.16,70.3 1 0
asset_chaincode/chaincode/utils.go:72.2,72.13 1 0
asset_chaincode/chaincode/utils.go:72.13,74.3 1 0
asset_chaincode/chaincode/utils.go:76.2,76.18 1 0
asset_chaincode/chaincode/utils.go:81.141,87.16 5 0
asset_chaincode/chaincode/utils.go:87.16,89.3 1 0
asset_chaincode/chaincode/utils.go:90.2,90.22 1 0
asset_chaincode/chaincode/utils.go:90.22,92.3 1 0
asset_chaincode/chaincode/utils.go:94.2,95.16 2 0
asset_chaincode/chaincode/utils.go:95.16,97.3 1 0
asset_chaincode/chaincode/utils.go:98.2,98.23 1 0
asset_chaincode/chaincode/utils.go:98.23,100.3 1 0
asset_chaincode/chaincode/utils.go:102.2,102.41 1 0
asset_chaincode/chaincode/utils.go:102.41,104.3 1 0
asset_chaincode/chaincode/utils.go:106.2,106.18 1 0
asset_chaincode/chaincode/utils.go:110.151,115.16 4 0
asset_chaincode/chaincode/utils.go:115.16,117.3 1 0
asset_chaincode/chaincode/utils.go:118.2,118.43 1 0
asset_chaincode/chaincode/utils.go:118.43,120.3 1 0
asset_chaincode/chaincode/utils.go:122.2,123.16 2 0
asset_chaincode/chaincode/utils.go:123.16,125.3 1 0
asset_chaincode/chaincode/utils.go:127.2,127.69 1 0
asset_chaincode/chaincode/utils.go:127.69,129.3 1 0
asset_chaincode/chaincode/utils.go:131.2,131.18 1 0
asset_chaincode/chaincode/utils.go:134.40,138.2 3 1
asset_chaincode/chaincode/utils.go:140.114,142.16 2 1
asset_chaincode/chaincode/utils.go:142.16,144.3 1 0
asset_chaincode/chaincode/utils.go:146.2,147.16 2 1
asset_chaincode/chaincode/utils.go:147.16,149.3 1 0
asset_chaincode/chaincode/utils.go:151.2,151.12 1 1
asset_chaincode/chaincode/utils.go:154.45,155.26 1 1
asset_chaincode/chaincode/utils.go:156.30,161.22 3 0
asset_chaincode/chaincode/utils.go:161.22,163.4 1 0
asset_chaincode/chaincode/utils.go:164.3,167.28 2 0
asset_chaincode/chaincode/utils.go:167.28,169.4 1 0
asset_chaincode/chaincode/utils.go:170.3,170.20 1 0
asset_chaincode/chaincode/utils.go:172.10,174.11 1 1
asset_chaincode/chaincode/utils.go:178.108,181.25 2 0
asset_chaincode/chaincode/utils.go:181.25,183.18 2 0
asset_chaincode/chaincode/utils.go:183.18,185.5 1 0
asset_chaincode/chaincode/utils.go:187.4,187.58 1 0
asset_chaincode/chaincode/utils.go:190.2,190.21 1 0
asset_chaincode/chaincode/utils.go:193.54,196.2 2 1
asset_chaincode/mocks/mock_client_identity.go:15.54,18.2 2 0
asset_chaincode/mocks/mock_client_identity.go:20.57,23.2 2 1
asset_chaincode/mocks/mock_client_identity.go:25.103,28.2 2 0
asset_chaincode/mocks/mock_client_identity.go:30.92,33.2 2 0
asset_chaincode/mocks/mock_client_identity.go:35.78,38.2 2 0
asset_chaincode/mocks/mock_state_query_iterator.go:13.49,16.2 2 0
asset_chaincode/mocks/mock_state_query_iterator.go:18.66,21.2 2 0
asset_chaincode/mocks/mock_state_query_iterator.go:23.48,26.2 2 0
asset_chaincode/mocks/mock_stub.go:16.62,19.2 2 1
asset_chaincode/mocks/mock_stub.go:21.69,24.2 2 1
asset_chaincode/mocks/mock_stub.go:26.82,29.2 2 0
asset_chaincode/mocks/mock_stub.go:31.86,34.2 2 1
asset_chaincode/mocks/mock_stub.go:36.86,39.2 2 1
asset_chaincode/mocks/mock_stub.go:41.72,44.2 2 0
asset_chaincode/mocks/mock_stub.go:46.64,49.2 2 1
asset_chaincode/mocks/mock_stub.go:51.103,54.2 2 1
asset_chaincode/mocks/mock_stub.go:56.103,59.2 2 0
asset_chaincode/mocks/mock_stub.go:61.95,64.2 2 0
asset_chaincode/mocks/mock_stub.go:66.57,69.2 2 0
asset_chaincode/mocks/mock_stub.go:71.61,74.2 2 0
asset_chaincode/mocks/mock_stub.go:76.47,79.2 2 0
asset_chaincode/mocks/mock_stub.go:81.39,84.2 2 0
asset_chaincode/mocks/mock_stub.go:86.51,89.2 2 0
asset_chaincode/mocks/mock_stub.go:91.49,94.2 2 0
asset_chaincode/mocks/mock_stub.go:96.42,99.2 2 0
asset_chaincode/mocks/mock_stub.go:101.49,104.2 2 0
asset_chaincode/mocks/mock_stub.go:106.55,109.2 2 0
asset_chaincode/mocks/mock_stub.go:111.66,114.2 2 0
asset_chaincode/mocks/mock_stub.go:116.93,119.2 2 0
asset_chaincode/mocks/mock_stub.go:121.114,124.2 2 0
asset_chaincode/mocks/mock_stub.go:126.126,129.2 2 0
asset_chaincode/mocks/mock_stub.go:131.121,134.2 2 0
asset_chaincode/mocks/mock_stub.go:136.144,139.2 2 0
asset_chaincode/mocks/mock_stub.go:141.188,144.2 2 0
asset_chaincode/mocks/mock_stub.go:146.177,149.2 2 0
asset_chaincode/mocks/mock_stub.go:151.200,154.2 2 0
asset_chaincode/mocks/mock_stub.go:156.101,159.2 2 0
asset_chaincode/mocks/mock_stub.go:161.91,164.2 2 0
asset_chaincode/mocks/mock_stub.go:166.165,169.2 2 0
asset_chaincode/mocks/mock_stub.go:171.68,174.2 2 0
asset_chaincode/mocks/mock_stub.go:176.76,179.2 2 0
asset_chaincode/mocks/mock_stub.go:181.45,184.2 2 0
asset_chaincode/mocks/mock_stub.go:186.37,189.2 2 0
asset_chaincode/mocks/mock_stub.go:191.74,194.2 2 0
asset_chaincode/mocks/mock_stub.go:196.77,199.2 2 0
asset_chaincode/mocks/mock_stub.go:201.102,204.2 2 0
asset_chaincode/mocks/mock_stub.go:206.85,209.2 2 0
asset_chaincode/mocks/mock_transaction_context.go:13.72,16.2 2 1
asset_chaincode/mocks/mock_transaction_context.go:18.73,21.2 2 1
asset_chaincode/mocks/mock_transaction_context.go:23.69,26.2 2 0
asset_chaincode/mocks/mock_transaction_context.go:28.68,30.2 1 0
